<?xml version="1.0" encoding="UTF-8"?>
<!-- Generated by org.testng.reporters.JUnitXMLReporter -->
<testsuite ignored="0" hostname="yaldandis-MacBook-Air.local" failures="0" tests="3" name="Default test" time="21.295" errors="0" timestamp="2026-02-28T13:09:18 IST">
  <testcase classname="Logics.LoginLogic" name="logintest" time="4.973"/>
  <testcase classname="Logics.LoginLogic" name="logintest" time="5.274"/>
  <testcase classname="Logics.LoginLogic" name="logintest" time="4.775"/>
</testsuite> <!-- Default test -->
