<?xml version="1.0" encoding="UTF-8"?>
<!-- Generated by org.testng.reporters.JUnitXMLReporter -->
<testsuite ignored="0" hostname="yaldandis-MacBook-Air.local" failures="0" tests="4" name="Test" time="43.802" errors="0" timestamp="2026-02-28T15:33:59 IST">
  <testcase classname="Logics.LoginLogic" name="logintest" time="4.842"/>
  <testcase classname="Logics.LoginLogic" name="logintest" time="5.331"/>
  <testcase classname="Logics.LoginLogic" name="logintest" time="5.371"/>
  <testcase classname="Logics.PageLogic" name="productselection" time="22.311"/>
</testsuite> <!-- Test -->
