<?xml version="1.0" encoding="UTF-8"?>
<!-- Generated by org.testng.reporters.JUnitReportReporter -->
<testsuite hostname="yaldandis-MacBook-Air.local" failures="0" tests="3" name="Logics.LoginLogic" time="15.544" errors="0" timestamp="2026-02-28T15:33:59 IST" skipped="0">
  <testcase classname="Logics.LoginLogic" name="logintest" time="5.371"/>
  <testcase classname="Logics.LoginLogic" name="logintest" time="4.842"/>
  <testcase classname="Logics.LoginLogic" name="logintest" time="5.331"/>
</testsuite> <!-- Logics.LoginLogic -->
